MyCloudMusic/RegionSelector/build/intermediates/manifest_merge_blame_file/debug/manifest-merger-blame-debug-report.txt
1<?xml version="1.0" encoding="utf-8"?>
2<manifest xmlns:android="http://schemas.android.com/apk/res/android"
3    package="com.ixuea.regionselector"
4    android:versionCode="1"
5    android:versionName="1.0" >
6
7    <uses-sdk
8        android:minSdkVersion="19"
8-->src/main/AndroidManifest.xml
9        android:targetSdkVersion="29" />
9-->src/main/AndroidManifest.xml
10
11    <application
11-->src/main/AndroidManifest.xml:5:5-12:19
12        android:allowBackup="true"
12-->src/main/AndroidManifest.xml:6:9-35
13        android:icon="@mipmap/ic_launcher"
13-->src/main/AndroidManifest.xml:7:9-43
14        android:label="@string/app_name"
14-->src/main/AndroidManifest.xml:8:9-41
15        android:supportsRtl="true"
15-->src/main/AndroidManifest.xml:9:9-35
16        android:theme="@style/AppTheme.NoActionBar" >
16-->src/main/AndroidManifest.xml:10:9-52
17        <activity android:name="com.ixuea.regionselector.RegionSelectActivity" />
17-->src/main/AndroidManifest.xml:11:9-58
17-->src/main/AndroidManifest.xml:11:19-55
18    </application>
19
20</manifest>